#-----------------------------------------------------------
# Vivado v2019.2 (64-bit)
# SW Build 2708876 on Wed Nov  6 21:40:23 MST 2019
# IP Build 2700528 on Thu Nov  7 00:09:20 MST 2019
# Start of session at: Tue Oct 27 22:07:55 2020
# Process ID: 9512
# Current directory: E:/workspace/Intelligent_Computing_Architectures/20201017ZYNQ_Project/ZYNQ_PROJECT/vivado
# Command line: vivado.exe -gui_launcher_event rodinguilauncherevent14172 E:\workspace\Intelligent_Computing_Architectures\20201017ZYNQ_Project\ZYNQ_PROJECT\vivado\project_1.xpr
# Log file: E:/workspace/Intelligent_Computing_Architectures/20201017ZYNQ_Project/ZYNQ_PROJECT/vivado/vivado.log
# Journal file: E:/workspace/Intelligent_Computing_Architectures/20201017ZYNQ_Project/ZYNQ_PROJECT/vivado\vivado.jou
#-----------------------------------------------------------
start_gui
open_project E:/workspace/Intelligent_Computing_Architectures/20201017ZYNQ_Project/ZYNQ_PROJECT/vivado/project_1.xpr
INFO: [ProjectBase 1-489] The host OS only allows 260 characters in a normal path. The project is stored in a path with more than 80 characters. If you experience issues with IP, Block Designs, or files not being found, please consider moving the project to a location with a shorter path. Alternately consider using the OS subst command to map part of the path to a drive letter.
Current project path is 'E:/workspace/Intelligent_Computing_Architectures/20201017ZYNQ_Project/ZYNQ_PROJECT/vivado'
Scanning sources...
Finished scanning sources
INFO: [IP_Flow 19-234] Refreshing IP repositories
INFO: [IP_Flow 19-1704] No user IP repositories specified
INFO: [IP_Flow 19-2313] Loaded Vivado IP repository 'C:/Xilinx/Vivado/2019.2/data/ip'.
open_project: Time (s): cpu = 00:00:13 ; elapsed = 00:00:08 . Memory (MB): peak = 959.223 ; gain = 266.688
update_compile_order -fileset sources_1
INFO: [Vivado 12-8231] Launching Vitis
INFO: [Vivado 12-417] Running vitis
INFO: [Vivado 12-8232] Vitis launch initiated. Please check console for any further messages.
INFO: [Vivado 12-8231] Launching Vitis
INFO: [Vivado 12-417] Running vitis
INFO: [Vivado 12-8232] Vitis launch initiated. Please check console for any further messages.
exit
INFO: [Common 17-206] Exiting Vivado at Tue Oct 27 22:53:52 2020...
