TRACE::2020-11-25.02:26:49::SCWBifWriter::Found the complete platform C:/Users/Administrator/smvm-hlx/ZYNQ_PROJECT/vitis_2/platform/export/platform/platform.xpfm
TRACE::2020-11-25.02:26:49::SCWBifWriter::hardware databse : top_design_6
TRACE::2020-11-25.02:26:49::SCWBifWriter::bitstream found in the design
TRACE::2020-11-25.02:26:49::SCWBifWriter::Found a baremetal domain, proc: ps7_cortexa9_0
TRACE::2020-11-25.02:26:49::SCWBifWriter::proc type : 
TRACE::2020-11-25.02:26:49::SCWBifWriter::proc[0] : ps7_cortexa9_0
TRACE::2020-11-25.02:26:49::SCWBifWriter::Device type is : zynq
TRACE::2020-11-25.02:26:49::SCWBifWriter::Writing BIF to file : C:/Users/Administrator/smvm-hlx/ZYNQ_PROJECT/vitis_2/dma_system/Debug/system.bif
TRACE::2020-11-25.02:26:49::SCWBifWriter::Writing the Zynq Baremetal bif 
TRACE::2020-11-25.02:28:59::SCWBifWriter::Found the complete platform C:/Users/Administrator/smvm-hlx/ZYNQ_PROJECT/vitis_2/platform/export/platform/platform.xpfm
TRACE::2020-11-25.02:28:59::SCWBifWriter::hardware databse : top_design_6
TRACE::2020-11-25.02:28:59::SCWBifWriter::bitstream found in the design
TRACE::2020-11-25.02:28:59::SCWBifWriter::Found a baremetal domain, proc: ps7_cortexa9_0
TRACE::2020-11-25.02:28:59::SCWBifWriter::proc type : 
TRACE::2020-11-25.02:28:59::SCWBifWriter::proc[0] : ps7_cortexa9_0
TRACE::2020-11-25.02:28:59::SCWBifWriter::Device type is : zynq
TRACE::2020-11-25.02:28:59::SCWBifWriter::Writing BIF to file : C:/Users/Administrator/smvm-hlx/ZYNQ_PROJECT/vitis_2/dma_system/Debug/system.bif
TRACE::2020-11-25.02:28:59::SCWBifWriter::Writing the Zynq Baremetal bif 
TRACE::2020-11-25.03:07:14::SCWBifWriter::Found the complete platform C:/Users/Administrator/smvm-hlx/ZYNQ_PROJECT/vitis_2/platform/export/platform/platform.xpfm
TRACE::2020-11-25.03:07:14::SCWBifWriter::hardware databse : top_design_6
TRACE::2020-11-25.03:07:14::SCWBifWriter::bitstream found in the design
TRACE::2020-11-25.03:07:14::SCWBifWriter::Found a baremetal domain, proc: ps7_cortexa9_0
TRACE::2020-11-25.03:07:14::SCWBifWriter::proc type : 
TRACE::2020-11-25.03:07:14::SCWBifWriter::proc[0] : ps7_cortexa9_0
TRACE::2020-11-25.03:07:14::SCWBifWriter::Device type is : zynq
TRACE::2020-11-25.03:07:14::SCWBifWriter::Writing BIF to file : C:/Users/Administrator/smvm-hlx/ZYNQ_PROJECT/vitis_2/dma_system/Debug/system.bif
TRACE::2020-11-25.03:07:14::SCWBifWriter::Writing the Zynq Baremetal bif 
TRACE::2020-11-25.03:09:00::SCWBifWriter::Found the complete platform C:/Users/Administrator/smvm-hlx/ZYNQ_PROJECT/vitis_2/platform/export/platform/platform.xpfm
TRACE::2020-11-25.03:09:00::SCWBifWriter::hardware databse : top_design_6
TRACE::2020-11-25.03:09:00::SCWBifWriter::bitstream found in the design
TRACE::2020-11-25.03:09:00::SCWBifWriter::Found a baremetal domain, proc: ps7_cortexa9_0
TRACE::2020-11-25.03:09:00::SCWBifWriter::proc type : 
TRACE::2020-11-25.03:09:00::SCWBifWriter::proc[0] : ps7_cortexa9_0
TRACE::2020-11-25.03:09:00::SCWBifWriter::Device type is : zynq
TRACE::2020-11-25.03:09:00::SCWBifWriter::Writing BIF to file : C:/Users/Administrator/smvm-hlx/ZYNQ_PROJECT/vitis_2/dma_system/Debug/system.bif
TRACE::2020-11-25.03:09:00::SCWBifWriter::Writing the Zynq Baremetal bif 
TRACE::2020-11-25.03:09:19::SCWBifWriter::Found the complete platform C:/Users/Administrator/smvm-hlx/ZYNQ_PROJECT/vitis_2/platform/export/platform/platform.xpfm
TRACE::2020-11-25.03:09:19::SCWBifWriter::hardware databse : top_design_6
TRACE::2020-11-25.03:09:19::SCWBifWriter::bitstream found in the design
TRACE::2020-11-25.03:09:19::SCWBifWriter::Found a baremetal domain, proc: ps7_cortexa9_0
TRACE::2020-11-25.03:09:19::SCWBifWriter::proc type : 
TRACE::2020-11-25.03:09:19::SCWBifWriter::proc[0] : ps7_cortexa9_0
TRACE::2020-11-25.03:09:19::SCWBifWriter::Device type is : zynq
TRACE::2020-11-25.03:09:19::SCWBifWriter::Writing BIF to file : C:/Users/Administrator/smvm-hlx/ZYNQ_PROJECT/vitis_2/dma_system/Debug/system.bif
TRACE::2020-11-25.03:09:19::SCWBifWriter::Writing the Zynq Baremetal bif 
TRACE::2020-11-25.03:09:41::SCWBifWriter::Found the complete platform C:/Users/Administrator/smvm-hlx/ZYNQ_PROJECT/vitis_2/platform/export/platform/platform.xpfm
TRACE::2020-11-25.03:09:42::SCWBifWriter::hardware databse : top_design_6
TRACE::2020-11-25.03:09:42::SCWBifWriter::bitstream found in the design
TRACE::2020-11-25.03:09:42::SCWBifWriter::Found a baremetal domain, proc: ps7_cortexa9_0
TRACE::2020-11-25.03:09:42::SCWBifWriter::proc type : 
TRACE::2020-11-25.03:09:42::SCWBifWriter::proc[0] : ps7_cortexa9_0
TRACE::2020-11-25.03:09:42::SCWBifWriter::Device type is : zynq
TRACE::2020-11-25.03:09:42::SCWBifWriter::Writing BIF to file : C:/Users/Administrator/smvm-hlx/ZYNQ_PROJECT/vitis_2/dma_system/Debug/system.bif
TRACE::2020-11-25.03:09:42::SCWBifWriter::Writing the Zynq Baremetal bif 
TRACE::2020-11-25.03:10:12::SCWBifWriter::Found the complete platform C:/Users/Administrator/smvm-hlx/ZYNQ_PROJECT/vitis_2/platform/export/platform/platform.xpfm
TRACE::2020-11-25.03:10:12::SCWBifWriter::hardware databse : top_design_6
TRACE::2020-11-25.03:10:12::SCWBifWriter::bitstream found in the design
TRACE::2020-11-25.03:10:12::SCWBifWriter::Found a baremetal domain, proc: ps7_cortexa9_0
TRACE::2020-11-25.03:10:12::SCWBifWriter::proc type : 
TRACE::2020-11-25.03:10:12::SCWBifWriter::proc[0] : ps7_cortexa9_0
TRACE::2020-11-25.03:10:12::SCWBifWriter::Device type is : zynq
TRACE::2020-11-25.03:10:12::SCWBifWriter::Writing BIF to file : C:/Users/Administrator/smvm-hlx/ZYNQ_PROJECT/vitis_2/dma_system/Debug/system.bif
TRACE::2020-11-25.03:10:12::SCWBifWriter::Writing the Zynq Baremetal bif 
TRACE::2020-11-25.03:15:37::SCWBifWriter::Found the complete platform C:/Users/Administrator/smvm-hlx/ZYNQ_PROJECT/vitis_2/platform/export/platform/platform.xpfm
TRACE::2020-11-25.03:15:38::SCWBifWriter::hardware databse : top_design_6
TRACE::2020-11-25.03:15:38::SCWBifWriter::bitstream found in the design
TRACE::2020-11-25.03:15:38::SCWBifWriter::Found a baremetal domain, proc: ps7_cortexa9_0
TRACE::2020-11-25.03:15:38::SCWBifWriter::proc type : 
TRACE::2020-11-25.03:15:38::SCWBifWriter::proc[0] : ps7_cortexa9_0
TRACE::2020-11-25.03:15:38::SCWBifWriter::Device type is : zynq
TRACE::2020-11-25.03:15:38::SCWBifWriter::Writing BIF to file : C:/Users/Administrator/smvm-hlx/ZYNQ_PROJECT/vitis_2/dma_system/Debug/system.bif
TRACE::2020-11-25.03:15:38::SCWBifWriter::Writing the Zynq Baremetal bif 
TRACE::2020-11-25.03:16:38::SCWBifWriter::Found the complete platform C:/Users/Administrator/smvm-hlx/ZYNQ_PROJECT/vitis_2/platform/export/platform/platform.xpfm
TRACE::2020-11-25.03:16:39::SCWBifWriter::hardware databse : top_design_6
TRACE::2020-11-25.03:16:39::SCWBifWriter::bitstream found in the design
TRACE::2020-11-25.03:16:39::SCWBifWriter::Found a baremetal domain, proc: ps7_cortexa9_0
TRACE::2020-11-25.03:16:39::SCWBifWriter::proc type : 
TRACE::2020-11-25.03:16:39::SCWBifWriter::proc[0] : ps7_cortexa9_0
TRACE::2020-11-25.03:16:39::SCWBifWriter::Device type is : zynq
TRACE::2020-11-25.03:16:39::SCWBifWriter::Writing BIF to file : C:/Users/Administrator/smvm-hlx/ZYNQ_PROJECT/vitis_2/dma_system/Debug/system.bif
TRACE::2020-11-25.03:16:39::SCWBifWriter::Writing the Zynq Baremetal bif 
TRACE::2020-11-25.03:17:06::SCWBifWriter::Found the complete platform C:/Users/Administrator/smvm-hlx/ZYNQ_PROJECT/vitis_2/platform/export/platform/platform.xpfm
TRACE::2020-11-25.03:17:06::SCWBifWriter::hardware databse : top_design_6
TRACE::2020-11-25.03:17:06::SCWBifWriter::bitstream found in the design
TRACE::2020-11-25.03:17:06::SCWBifWriter::Found a baremetal domain, proc: ps7_cortexa9_0
TRACE::2020-11-25.03:17:06::SCWBifWriter::proc type : 
TRACE::2020-11-25.03:17:06::SCWBifWriter::proc[0] : ps7_cortexa9_0
TRACE::2020-11-25.03:17:06::SCWBifWriter::Device type is : zynq
TRACE::2020-11-25.03:17:06::SCWBifWriter::Writing BIF to file : C:/Users/Administrator/smvm-hlx/ZYNQ_PROJECT/vitis_2/dma_system/Debug/system.bif
TRACE::2020-11-25.03:17:06::SCWBifWriter::Writing the Zynq Baremetal bif 
TRACE::2020-11-25.03:22:12::SCWBifWriter::Found the complete platform C:/Users/Administrator/smvm-hlx/ZYNQ_PROJECT/vitis_2/platform/export/platform/platform.xpfm
TRACE::2020-11-25.03:22:12::SCWBifWriter::hardware databse : top_design_6
TRACE::2020-11-25.03:22:12::SCWBifWriter::bitstream found in the design
TRACE::2020-11-25.03:22:12::SCWBifWriter::Found a baremetal domain, proc: ps7_cortexa9_0
TRACE::2020-11-25.03:22:12::SCWBifWriter::proc type : 
TRACE::2020-11-25.03:22:12::SCWBifWriter::proc[0] : ps7_cortexa9_0
TRACE::2020-11-25.03:22:12::SCWBifWriter::Device type is : zynq
TRACE::2020-11-25.03:22:12::SCWBifWriter::Writing BIF to file : C:/Users/Administrator/smvm-hlx/ZYNQ_PROJECT/vitis_2/dma_system/Debug/system.bif
TRACE::2020-11-25.03:22:12::SCWBifWriter::Writing the Zynq Baremetal bif 
TRACE::2020-11-25.03:40:53::SCWBifWriter::Found the complete platform C:/Users/Administrator/smvm-hlx/ZYNQ_PROJECT/vitis_2/platform/export/platform/platform.xpfm
TRACE::2020-11-25.03:40:53::SCWBifWriter::hardware databse : top_design_6
TRACE::2020-11-25.03:40:53::SCWBifWriter::bitstream found in the design
TRACE::2020-11-25.03:40:53::SCWBifWriter::Found a baremetal domain, proc: ps7_cortexa9_0
TRACE::2020-11-25.03:40:53::SCWBifWriter::proc type : 
TRACE::2020-11-25.03:40:53::SCWBifWriter::proc[0] : ps7_cortexa9_0
TRACE::2020-11-25.03:40:53::SCWBifWriter::Device type is : zynq
TRACE::2020-11-25.03:40:53::SCWBifWriter::Writing BIF to file : C:/Users/Administrator/smvm-hlx/ZYNQ_PROJECT/vitis_2/dma_system/Debug/system.bif
TRACE::2020-11-25.03:40:53::SCWBifWriter::Writing the Zynq Baremetal bif 
TRACE::2020-11-25.03:43:09::SCWBifWriter::Found the complete platform C:/Users/Administrator/smvm-hlx/ZYNQ_PROJECT/vitis_2/platform/export/platform/platform.xpfm
TRACE::2020-11-25.03:43:09::SCWBifWriter::hardware databse : top_design_6
TRACE::2020-11-25.03:43:09::SCWBifWriter::bitstream found in the design
TRACE::2020-11-25.03:43:09::SCWBifWriter::Found a baremetal domain, proc: ps7_cortexa9_0
TRACE::2020-11-25.03:43:09::SCWBifWriter::proc type : 
TRACE::2020-11-25.03:43:09::SCWBifWriter::proc[0] : ps7_cortexa9_0
TRACE::2020-11-25.03:43:09::SCWBifWriter::Device type is : zynq
TRACE::2020-11-25.03:43:09::SCWBifWriter::Writing BIF to file : C:/Users/Administrator/smvm-hlx/ZYNQ_PROJECT/vitis_2/dma_system/Debug/system.bif
TRACE::2020-11-25.03:43:09::SCWBifWriter::Writing the Zynq Baremetal bif 
TRACE::2020-11-25.03:44:16::SCWBifWriter::Found the complete platform C:/Users/Administrator/smvm-hlx/ZYNQ_PROJECT/vitis_2/platform/export/platform/platform.xpfm
TRACE::2020-11-25.03:44:16::SCWBifWriter::hardware databse : top_design_6
TRACE::2020-11-25.03:44:16::SCWBifWriter::bitstream found in the design
TRACE::2020-11-25.03:44:16::SCWBifWriter::Found a baremetal domain, proc: ps7_cortexa9_0
TRACE::2020-11-25.03:44:16::SCWBifWriter::proc type : 
TRACE::2020-11-25.03:44:16::SCWBifWriter::proc[0] : ps7_cortexa9_0
TRACE::2020-11-25.03:44:16::SCWBifWriter::Device type is : zynq
TRACE::2020-11-25.03:44:16::SCWBifWriter::Writing BIF to file : C:/Users/Administrator/smvm-hlx/ZYNQ_PROJECT/vitis_2/dma_system/Debug/system.bif
TRACE::2020-11-25.03:44:16::SCWBifWriter::Writing the Zynq Baremetal bif 
TRACE::2020-11-25.03:44:53::SCWBifWriter::Found the complete platform C:/Users/Administrator/smvm-hlx/ZYNQ_PROJECT/vitis_2/platform/export/platform/platform.xpfm
TRACE::2020-11-25.03:44:53::SCWBifWriter::hardware databse : top_design_6
TRACE::2020-11-25.03:44:53::SCWBifWriter::bitstream found in the design
TRACE::2020-11-25.03:44:53::SCWBifWriter::Found a baremetal domain, proc: ps7_cortexa9_0
TRACE::2020-11-25.03:44:53::SCWBifWriter::proc type : 
TRACE::2020-11-25.03:44:53::SCWBifWriter::proc[0] : ps7_cortexa9_0
TRACE::2020-11-25.03:44:53::SCWBifWriter::Device type is : zynq
TRACE::2020-11-25.03:44:53::SCWBifWriter::Writing BIF to file : C:/Users/Administrator/smvm-hlx/ZYNQ_PROJECT/vitis_2/dma_system/Debug/system.bif
TRACE::2020-11-25.03:44:53::SCWBifWriter::Writing the Zynq Baremetal bif 
TRACE::2020-11-25.03:50:46::SCWBifWriter::Found the complete platform C:/Users/Administrator/smvm-hlx/ZYNQ_PROJECT/vitis_2/platform/export/platform/platform.xpfm
TRACE::2020-11-25.03:50:46::SCWBifWriter::hardware databse : top_design_6
TRACE::2020-11-25.03:50:46::SCWBifWriter::bitstream found in the design
TRACE::2020-11-25.03:50:46::SCWBifWriter::Found a baremetal domain, proc: ps7_cortexa9_0
TRACE::2020-11-25.03:50:46::SCWBifWriter::proc type : 
TRACE::2020-11-25.03:50:46::SCWBifWriter::proc[0] : ps7_cortexa9_0
TRACE::2020-11-25.03:50:46::SCWBifWriter::Device type is : zynq
TRACE::2020-11-25.03:50:46::SCWBifWriter::Writing BIF to file : C:/Users/Administrator/smvm-hlx/ZYNQ_PROJECT/vitis_2/dma_system/Debug/system.bif
TRACE::2020-11-25.03:50:46::SCWBifWriter::Writing the Zynq Baremetal bif 
TRACE::2020-11-25.03:55:13::SCWBifWriter::Found the complete platform C:/Users/Administrator/smvm-hlx/ZYNQ_PROJECT/vitis_2/platform/export/platform/platform.xpfm
TRACE::2020-11-25.03:55:13::SCWBifWriter::hardware databse : top_design_6
TRACE::2020-11-25.03:55:13::SCWBifWriter::bitstream found in the design
TRACE::2020-11-25.03:55:13::SCWBifWriter::Found a baremetal domain, proc: ps7_cortexa9_0
TRACE::2020-11-25.03:55:13::SCWBifWriter::proc type : 
TRACE::2020-11-25.03:55:13::SCWBifWriter::proc[0] : ps7_cortexa9_0
TRACE::2020-11-25.03:55:13::SCWBifWriter::Device type is : zynq
TRACE::2020-11-25.03:55:13::SCWBifWriter::Writing BIF to file : C:/Users/Administrator/smvm-hlx/ZYNQ_PROJECT/vitis_2/dma_system/Debug/system.bif
TRACE::2020-11-25.03:55:13::SCWBifWriter::Writing the Zynq Baremetal bif 
